<?xml version="1.0" encoding="UTF-8"?>
<!-- Generated by org.testng.reporters.JUnitReportReporter -->
<testsuite hostname="furichan" name="com.bbc.JDTraining.JDTrainingDemo" tests="1" failures="0" timestamp="2 Apr 2018 15:34:11 GMT" time="2.766" errors="0">
  <testcase name="JDTrainingDemoTest" time="2.766" classname="com.bbc.JDTraining.JDTrainingDemo"/>
</testsuite> <!-- com.bbc.JDTraining.JDTrainingDemo -->
